09:06:00 **** Build of project app_bsp ****
make -k all 
Running Make include in microblaze_0/libsrc/bram_v4_1/src
make -C microblaze_0/libsrc/bram_v4_1/src -s include  "SHELL=/bin/sh" "COMPILER=mb-gcc" "ARCHIVER=mb-ar" "COMPILER_FLAGS= -O2 -c -mcpu=v9.6 -mlittle-endian -mxl-soft-mul" "EXTRA_COMPILER_FLAGS=-g"
Running Make include in microblaze_0/libsrc/cpu_v2_4/src
make -C microblaze_0/libsrc/cpu_v2_4/src -s include  "SHELL=/bin/sh" "COMPILER=mb-gcc" "ARCHIVER=mb-ar" "COMPILER_FLAGS= -O2 -c -mcpu=v9.6 -mlittle-endian -mxl-soft-mul" "EXTRA_COMPILER_FLAGS=-g"
Running Make include in microblaze_0/libsrc/gpio_v4_1/src
make -C microblaze_0/libsrc/gpio_v4_1/src -s include  "SHELL=/bin/sh" "COMPILER=mb-gcc" "ARCHIVER=mb-ar" "COMPILER_FLAGS= -O2 -c -mcpu=v9.6 -mlittle-endian -mxl-soft-mul" "EXTRA_COMPILER_FLAGS=-g"
Running Make include in microblaze_0/libsrc/standalone_v5_4/src
make -C microblaze_0/libsrc/standalone_v5_4/src -s include  "SHELL=/bin/sh" "COMPILER=mb-gcc" "ARCHIVER=mb-ar" "COMPILER_FLAGS= -O2 -c -mcpu=v9.6 -mlittle-endian -mxl-soft-mul" "EXTRA_COMPILER_FLAGS=-g"
Running Make include in microblaze_0/libsrc/uartlite_v3_2/src
make -C microblaze_0/libsrc/uartlite_v3_2/src -s include  "SHELL=/bin/sh" "COMPILER=mb-gcc" "ARCHIVER=mb-ar" "COMPILER_FLAGS= -O2 -c -mcpu=v9.6 -mlittle-endian -mxl-soft-mul" "EXTRA_COMPILER_FLAGS=-g"
Running Make libs in microblaze_0/libsrc/bram_v4_1/src
make -C microblaze_0/libsrc/bram_v4_1/src -s libs  "SHELL=/bin/sh" "COMPILER=mb-gcc" "ARCHIVER=mb-ar" "COMPILER_FLAGS= -O2 -c -mcpu=v9.6 -mlittle-endian -mxl-soft-mul" "EXTRA_COMPILER_FLAGS=-g"
Compiling bram
mb-ar: creating ../../../lib/libxil.a
Running Make libs in microblaze_0/libsrc/cpu_v2_4/src
make -C microblaze_0/libsrc/cpu_v2_4/src -s libs  "SHELL=/bin/sh" "COMPILER=mb-gcc" "ARCHIVER=mb-ar" "COMPILER_FLAGS= -O2 -c -mcpu=v9.6 -mlittle-endian -mxl-soft-mul" "EXTRA_COMPILER_FLAGS=-g"
Compiling cpu
Running Make libs in microblaze_0/libsrc/gpio_v4_1/src
make -C microblaze_0/libsrc/gpio_v4_1/src -s libs  "SHELL=/bin/sh" "COMPILER=mb-gcc" "ARCHIVER=mb-ar" "COMPILER_FLAGS= -O2 -c -mcpu=v9.6 -mlittle-endian -mxl-soft-mul" "EXTRA_COMPILER_FLAGS=-g"
Compiling gpio
Running Make libs in microblaze_0/libsrc/standalone_v5_4/src
make -C microblaze_0/libsrc/standalone_v5_4/src -s libs  "SHELL=/bin/sh" "COMPILER=mb-gcc" "ARCHIVER=mb-ar" "COMPILER_FLAGS= -O2 -c -mcpu=v9.6 -mlittle-endian -mxl-soft-mul" "EXTRA_COMPILER_FLAGS=-g"
Compiling standalone
Running Make libs in microblaze_0/libsrc/uartlite_v3_2/src
make -C microblaze_0/libsrc/uartlite_v3_2/src -s libs  "SHELL=/bin/sh" "COMPILER=mb-gcc" "ARCHIVER=mb-ar" "COMPILER_FLAGS= -O2 -c -mcpu=v9.6 -mlittle-endian -mxl-soft-mul" "EXTRA_COMPILER_FLAGS=-g"
Compiling uartlite
Finished building libraries
09:06:05 **** Auto Build of project app_bsp ****
make -k all 
Running Make include in microblaze_0/libsrc/bram_v4_1/src
make -C microblaze_0/libsrc/bram_v4_1/src -s include  "SHELL=/bin/sh" "COMPILER=mb-gcc" "ARCHIVER=mb-ar" "COMPILER_FLAGS= -O2 -c -mcpu=v9.6 -mlittle-endian -mxl-soft-mul" "EXTRA_COMPILER_FLAGS=-g"
Running Make include in microblaze_0/libsrc/cpu_v2_4/src
make -C microblaze_0/libsrc/cpu_v2_4/src -s include  "SHELL=/bin/sh" "COMPILER=mb-gcc" "ARCHIVER=mb-ar" "COMPILER_FLAGS= -O2 -c -mcpu=v9.6 -mlittle-endian -mxl-soft-mul" "EXTRA_COMPILER_FLAGS=-g"
Running Make include in microblaze_0/libsrc/gpio_v4_1/src
make -C microblaze_0/libsrc/gpio_v4_1/src -s include  "SHELL=/bin/sh" "COMPILER=mb-gcc" "ARCHIVER=mb-ar" "COMPILER_FLAGS= -O2 -c -mcpu=v9.6 -mlittle-endian -mxl-soft-mul" "EXTRA_COMPILER_FLAGS=-g"
Running Make include in microblaze_0/libsrc/standalone_v5_4/src
make -C microblaze_0/libsrc/standalone_v5_4/src -s include  "SHELL=/bin/sh" "COMPILER=mb-gcc" "ARCHIVER=mb-ar" "COMPILER_FLAGS= -O2 -c -mcpu=v9.6 -mlittle-endian -mxl-soft-mul" "EXTRA_COMPILER_FLAGS=-g"
Running Make include in microblaze_0/libsrc/uartlite_v3_2/src
make -C microblaze_0/libsrc/uartlite_v3_2/src -s include  "SHELL=/bin/sh" "COMPILER=mb-gcc" "ARCHIVER=mb-ar" "COMPILER_FLAGS= -O2 -c -mcpu=v9.6 -mlittle-endian -mxl-soft-mul" "EXTRA_COMPILER_FLAGS=-g"
Running Make libs in microblaze_0/libsrc/bram_v4_1/src
make -C microblaze_0/libsrc/bram_v4_1/src -s libs  "SHELL=/bin/sh" "COMPILER=mb-gcc" "ARCHIVER=mb-ar" "COMPILER_FLAGS= -O2 -c -mcpu=v9.6 -mlittle-endian -mxl-soft-mul" "EXTRA_COMPILER_FLAGS=-g"
Compiling bram
Running Make libs in microblaze_0/libsrc/cpu_v2_4/src
make -C microblaze_0/libsrc/cpu_v2_4/src -s libs  "SHELL=/bin/sh" "COMPILER=mb-gcc" "ARCHIVER=mb-ar" "COMPILER_FLAGS= -O2 -c -mcpu=v9.6 -mlittle-endian -mxl-soft-mul" "EXTRA_COMPILER_FLAGS=-g"
Compiling cpu
Running Make libs in microblaze_0/libsrc/gpio_v4_1/src
make -C microblaze_0/libsrc/gpio_v4_1/src -s libs  "SHELL=/bin/sh" "COMPILER=mb-gcc" "ARCHIVER=mb-ar" "COMPILER_FLAGS= -O2 -c -mcpu=v9.6 -mlittle-endian -mxl-soft-mul" "EXTRA_COMPILER_FLAGS=-g"
Compiling gpio
Running Make libs in microblaze_0/libsrc/standalone_v5_4/src
make -C microblaze_0/libsrc/standalone_v5_4/src -s libs  "SHELL=/bin/sh" "COMPILER=mb-gcc" "ARCHIVER=mb-ar" "COMPILER_FLAGS= -O2 -c -mcpu=v9.6 -mlittle-endian -mxl-soft-mul" "EXTRA_COMPILER_FLAGS=-g"
Compiling standalone
Running Make libs in microblaze_0/libsrc/uartlite_v3_2/src
make -C microblaze_0/libsrc/uartlite_v3_2/src -s libs  "SHELL=/bin/sh" "COMPILER=mb-gcc" "ARCHIVER=mb-ar" "COMPILER_FLAGS= -O2 -c -mcpu=v9.6 -mlittle-endian -mxl-soft-mul" "EXTRA_COMPILER_FLAGS=-g"
Compiling uartlite
Finished building libraries
09:06:11 **** Build of configuration Debug for project app ****
make all 
make: Warning: File `objects.mk' has modification time 0.22 s in the future
Building file: ../src/helloworld.c
Invoking: MicroBlaze gcc compiler
mb-gcc -Wall -O0 -g3 -c -fmessage-length=0 -MT"src/helloworld.o" -I../../app_bsp/microblaze_0/include -mlittle-endian -mcpu=v9.6 -mxl-soft-mul -Wl,--no-relax -MMD -MP -MF"src/helloworld.d" -MT"src/helloworld.o" -o "src/helloworld.o" "../src/helloworld.c"
Finished building: ../src/helloworld.c
 
Building file: ../src/platform.c
Invoking: MicroBlaze gcc compiler
mb-gcc -Wall -O0 -g3 -c -fmessage-length=0 -MT"src/platform.o" -I../../app_bsp/microblaze_0/include -mlittle-endian -mcpu=v9.6 -mxl-soft-mul -Wl,--no-relax -MMD -MP -MF"src/platform.d" -MT"src/platform.o" -o "src/platform.o" "../src/platform.c"
Finished building: ../src/platform.c
 
Building target: app.elf
Invoking: MicroBlaze gcc linker
mb-gcc -Wl,-T -Wl,../src/lscript.ld -L../../app_bsp/microblaze_0/lib -mlittle-endian -mcpu=v9.6 -mxl-soft-mul -Wl,--no-relax -o "app.elf"  ./src/helloworld.o ./src/platform.o   -Wl,--start-group,-lxil,-lgcc,-lc,--end-group
Finished building target: app.elf
 
Invoking: MicroBlaze Print Size
mb-size app.elf  |tee "app.elf.size"
   text	   data	    bss	    dec	    hex	filename
   2888	    288	   3120	   6296	   1898	app.elf
Finished building: app.elf.size
 
make: warning:  Clock skew detected.  Your build may be incomplete.
09:06:13 **** Auto Build of configuration Debug for project app ****
make all 
Building target: app.elf
Invoking: MicroBlaze gcc linker
mb-gcc -Wl,-T -Wl,../src/lscript.ld -L../../app_bsp/microblaze_0/lib -mlittle-endian -mcpu=v9.6 -mxl-soft-mul -Wl,--no-relax -o "app.elf"  ./src/helloworld.o ./src/platform.o   -Wl,--start-group,-lxil,-lgcc,-lc,--end-group
Finished building target: app.elf
 
Invoking: MicroBlaze Print Size
mb-size app.elf  |tee "app.elf.size"
   text	   data	    bss	    dec	    hex	filename
   2888	    288	   3120	   6296	   1898	app.elf
Finished building: app.elf.size
 
09:07:55 **** Auto Build of configuration Debug for project app ****
make all 
Building file: ../src/helloworld.c
Invoking: MicroBlaze gcc compiler
mb-gcc -Wall -O0 -g3 -c -fmessage-length=0 -MT"src/helloworld.o" -I../../app_bsp/microblaze_0/include -mlittle-endian -mcpu=v9.6 -mxl-soft-mul -Wl,--no-relax -MMD -MP -MF"src/helloworld.d" -MT"src/helloworld.o" -o "src/helloworld.o" "../src/helloworld.c"
Finished building: ../src/helloworld.c
 
Building target: app.elf
Invoking: MicroBlaze gcc linker
mb-gcc -Wl,-T -Wl,../src/lscript.ld -L../../app_bsp/microblaze_0/lib -mlittle-endian -mcpu=v9.6 -mxl-soft-mul -Wl,--no-relax -o "app.elf"  ./src/helloworld.o ./src/platform.o   -Wl,--start-group,-lxil,-lgcc,-lc,--end-group
Finished building target: app.elf
 
Invoking: MicroBlaze Print Size
mb-size app.elf  |tee "app.elf.size"
   text	   data	    bss	    dec	    hex	filename
   5576	    288	   3152	   9016	   2338	app.elf
Finished building: app.elf.size
 
09:08:41 **** Incremental Build of configuration Debug for project app ****
make all 
Invoking: MicroBlaze Print Size
mb-size app.elf  |tee "app.elf.size"
   text	   data	    bss	    dec	    hex	filename
   5576	    288	   3152	   9016	   2338	app.elf
Finished building: app.elf.size
 
09:09:01 **** Auto Build of configuration Debug for project app ****
make all 
Building file: ../src/helloworld.c
Invoking: MicroBlaze gcc compiler
mb-gcc -Wall -O0 -g3 -c -fmessage-length=0 -MT"src/helloworld.o" -I../../app_bsp/microblaze_0/include -mlittle-endian -mcpu=v9.6 -mxl-soft-mul -Wl,--no-relax -MMD -MP -MF"src/helloworld.d" -MT"src/helloworld.o" -o "src/helloworld.o" "../src/helloworld.c"
Finished building: ../src/helloworld.c
 
Building target: app.elf
Invoking: MicroBlaze gcc linker
mb-gcc -Wl,-T -Wl,../src/lscript.ld -L../../app_bsp/microblaze_0/lib -mlittle-endian -mcpu=v9.6 -mxl-soft-mul -Wl,--no-relax -o "app.elf"  ./src/helloworld.o ./src/platform.o   -Wl,--start-group,-lxil,-lgcc,-lc,--end-group
Finished building target: app.elf
 
Invoking: MicroBlaze Print Size
mb-size app.elf  |tee "app.elf.size"
   text	   data	    bss	    dec	    hex	filename
   5504	    288	   3152	   8944	   22f0	app.elf
Finished building: app.elf.size
 
09:09:02 **** Incremental Build of configuration Debug for project app ****
make all 
Invoking: MicroBlaze Print Size
mb-size app.elf  |tee "app.elf.size"
   text	   data	    bss	    dec	    hex	filename
   5504	    288	   3152	   8944	   22f0	app.elf
Finished building: app.elf.size
 
09:11:15 **** Auto Build of configuration Debug for project app ****
make all 
Building file: ../src/helloworld.c
Invoking: MicroBlaze gcc compiler
mb-gcc -Wall -O0 -g3 -c -fmessage-length=0 -MT"src/helloworld.o" -I../../app_bsp/microblaze_0/include -mlittle-endian -mcpu=v9.6 -mxl-soft-mul -Wl,--no-relax -MMD -MP -MF"src/helloworld.d" -MT"src/helloworld.o" -o "src/helloworld.o" "../src/helloworld.c"
Finished building: ../src/helloworld.c
 
Building target: app.elf
Invoking: MicroBlaze gcc linker
mb-gcc -Wl,-T -Wl,../src/lscript.ld -L../../app_bsp/microblaze_0/lib -mlittle-endian -mcpu=v9.6 -mxl-soft-mul -Wl,--no-relax -o "app.elf"  ./src/helloworld.o ./src/platform.o   -Wl,--start-group,-lxil,-lgcc,-lc,--end-group
Finished building target: app.elf
 
Invoking: MicroBlaze Print Size
mb-size app.elf  |tee "app.elf.size"
   text	   data	    bss	    dec	    hex	filename
   5672	    288	   3152	   9112	   2398	app.elf
Finished building: app.elf.size
 
09:11:20 **** Auto Build of configuration Debug for project app ****
make all 
Building file: ../src/helloworld.c
Invoking: MicroBlaze gcc compiler
mb-gcc -Wall -O0 -g3 -c -fmessage-length=0 -MT"src/helloworld.o" -I../../app_bsp/microblaze_0/include -mlittle-endian -mcpu=v9.6 -mxl-soft-mul -Wl,--no-relax -MMD -MP -MF"src/helloworld.d" -MT"src/helloworld.o" -o "src/helloworld.o" "../src/helloworld.c"
Finished building: ../src/helloworld.c
 
Building target: app.elf
Invoking: MicroBlaze gcc linker
mb-gcc -Wl,-T -Wl,../src/lscript.ld -L../../app_bsp/microblaze_0/lib -mlittle-endian -mcpu=v9.6 -mxl-soft-mul -Wl,--no-relax -o "app.elf"  ./src/helloworld.o ./src/platform.o   -Wl,--start-group,-lxil,-lgcc,-lc,--end-group
Finished building target: app.elf
 
Invoking: MicroBlaze Print Size
mb-size app.elf  |tee "app.elf.size"
   text	   data	    bss	    dec	    hex	filename
   5672	    288	   3152	   9112	   2398	app.elf
Finished building: app.elf.size
 
09:11:23 **** Auto Build of configuration Debug for project app ****
make all 
Building file: ../src/helloworld.c
Invoking: MicroBlaze gcc compiler
mb-gcc -Wall -O0 -g3 -c -fmessage-length=0 -MT"src/helloworld.o" -I../../app_bsp/microblaze_0/include -mlittle-endian -mcpu=v9.6 -mxl-soft-mul -Wl,--no-relax -MMD -MP -MF"src/helloworld.d" -MT"src/helloworld.o" -o "src/helloworld.o" "../src/helloworld.c"
Finished building: ../src/helloworld.c
 
Building target: app.elf
Invoking: MicroBlaze gcc linker
mb-gcc -Wl,-T -Wl,../src/lscript.ld -L../../app_bsp/microblaze_0/lib -mlittle-endian -mcpu=v9.6 -mxl-soft-mul -Wl,--no-relax -o "app.elf"  ./src/helloworld.o ./src/platform.o   -Wl,--start-group,-lxil,-lgcc,-lc,--end-group
Finished building target: app.elf
 
Invoking: MicroBlaze Print Size
mb-size app.elf  |tee "app.elf.size"
   text	   data	    bss	    dec	    hex	filename
   5672	    288	   3152	   9112	   2398	app.elf
Finished building: app.elf.size
 
09:11:25 **** Incremental Build of configuration Debug for project app ****
make all 
Invoking: MicroBlaze Print Size
mb-size app.elf  |tee "app.elf.size"
   text	   data	    bss	    dec	    hex	filename
   5672	    288	   3152	   9112	   2398	app.elf
Finished building: app.elf.size
 
09:18:49 **** Auto Build of configuration Debug for project app ****
make all 
Building file: ../src/helloworld.c
Invoking: MicroBlaze gcc compiler
mb-gcc -Wall -O0 -g3 -c -fmessage-length=0 -MT"src/helloworld.o" -I../../app_bsp/microblaze_0/include -mlittle-endian -mcpu=v9.6 -mxl-soft-mul -Wl,--no-relax -MMD -MP -MF"src/helloworld.d" -MT"src/helloworld.o" -o "src/helloworld.o" "../src/helloworld.c"
../src/helloworld.c: In function 'main':
../src/helloworld.c:78:9: warning: unused variable 'rom_array' [-Wunused-variable]
     u32 rom_array[8] = {0};
         ^
Finished building: ../src/helloworld.c
 
Building target: app.elf
Invoking: MicroBlaze gcc linker
mb-gcc -Wl,-T -Wl,../src/lscript.ld -L../../app_bsp/microblaze_0/lib -mlittle-endian -mcpu=v9.6 -mxl-soft-mul -Wl,--no-relax -o "app.elf"  ./src/helloworld.o ./src/platform.o   -Wl,--start-group,-lxil,-lgcc,-lc,--end-group
Finished building target: app.elf
 
Invoking: MicroBlaze Print Size
mb-size app.elf  |tee "app.elf.size"
   text	   data	    bss	    dec	    hex	filename
   5704	    288	   3152	   9144	   23b8	app.elf
Finished building: app.elf.size
 
09:18:52 **** Incremental Build of configuration Debug for project app ****
make all 
Invoking: MicroBlaze Print Size
mb-size app.elf  |tee "app.elf.size"
   text	   data	    bss	    dec	    hex	filename
   5704	    288	   3152	   9144	   23b8	app.elf
Finished building: app.elf.size
 
09:19:24 **** Auto Build of configuration Debug for project app ****
make all 
Building file: ../src/helloworld.c
Invoking: MicroBlaze gcc compiler
mb-gcc -Wall -O0 -g3 -c -fmessage-length=0 -MT"src/helloworld.o" -I../../app_bsp/microblaze_0/include -mlittle-endian -mcpu=v9.6 -mxl-soft-mul -Wl,--no-relax -MMD -MP -MF"src/helloworld.d" -MT"src/helloworld.o" -o "src/helloworld.o" "../src/helloworld.c"
../src/helloworld.c: In function 'main':
../src/helloworld.c:78:9: warning: variable 'rom_array' set but not used [-Wunused-but-set-variable]
     u32 rom_array[8] = {0};
         ^
Finished building: ../src/helloworld.c
 
Building target: app.elf
Invoking: MicroBlaze gcc linker
mb-gcc -Wl,-T -Wl,../src/lscript.ld -L../../app_bsp/microblaze_0/lib -mlittle-endian -mcpu=v9.6 -mxl-soft-mul -Wl,--no-relax -o "app.elf"  ./src/helloworld.o ./src/platform.o   -Wl,--start-group,-lxil,-lgcc,-lc,--end-group
Finished building target: app.elf
 
Invoking: MicroBlaze Print Size
mb-size app.elf  |tee "app.elf.size"
   text	   data	    bss	    dec	    hex	filename
   5736	    288	   3152	   9176	   23d8	app.elf
Finished building: app.elf.size
 
09:51:27 **** Auto Build of configuration Debug for project app ****
make all 
make: Warning: File `src/subdir.mk' has modification time 0.22 s in the future
Building file: ../src/helloworld.c
Invoking: MicroBlaze gcc compiler
mb-gcc -Wall -O0 -g3 -c -fmessage-length=0 -MT"src/helloworld.o" -I../../app_bsp/microblaze_0/include -mlittle-endian -mcpu=v9.6 -mxl-soft-mul -Wl,--no-relax -MMD -MP -MF"src/helloworld.d" -MT"src/helloworld.o" -o "src/helloworld.o" "../src/helloworld.c"
../src/helloworld.c: In function 'main':
../src/helloworld.c:78:9: warning: variable 'rom_array' set but not used [-Wunused-but-set-variable]
     u32 rom_array[8] = {0};
         ^
Finished building: ../src/helloworld.c
 
Building target: app.elf
Invoking: MicroBlaze gcc linker
mb-gcc -Wl,-T -Wl,../src/lscript.ld -L../../app_bsp/microblaze_0/lib -mlittle-endian -mcpu=v9.6 -mxl-soft-mul -Wl,--no-relax -o "app.elf"  ./src/helloworld.o ./src/platform.o   -Wl,--start-group,-lxil,-lgcc,-lc,--end-group
Finished building target: app.elf
 
Invoking: MicroBlaze Print Size
mb-size app.elf  |tee "app.elf.size"
   text	   data	    bss	    dec	    hex	filename
   5808	    288	   3152	   9248	   2420	app.elf
Finished building: app.elf.size
 
make: warning:  Clock skew detected.  Your build may be incomplete.
09:53:16 **** Auto Build of configuration Debug for project app ****
make all 
Building file: ../src/helloworld.c
Invoking: MicroBlaze gcc compiler
mb-gcc -Wall -O0 -g3 -c -fmessage-length=0 -MT"src/helloworld.o" -I../../app_bsp/microblaze_0/include -mlittle-endian -mcpu=v9.6 -mxl-soft-mul -Wl,--no-relax -MMD -MP -MF"src/helloworld.d" -MT"src/helloworld.o" -o "src/helloworld.o" "../src/helloworld.c"
Finished building: ../src/helloworld.c
 
Building target: app.elf
Invoking: MicroBlaze gcc linker
mb-gcc -Wl,-T -Wl,../src/lscript.ld -L../../app_bsp/microblaze_0/lib -mlittle-endian -mcpu=v9.6 -mxl-soft-mul -Wl,--no-relax -o "app.elf"  ./src/helloworld.o ./src/platform.o   -Wl,--start-group,-lxil,-lgcc,-lc,--end-group
Finished building target: app.elf
 
Invoking: MicroBlaze Print Size
mb-size app.elf  |tee "app.elf.size"
   text	   data	    bss	    dec	    hex	filename
   5992	    288	   3152	   9432	   24d8	app.elf
Finished building: app.elf.size
 
09:53:17 **** Incremental Build of configuration Debug for project app ****
make all 
make: Warning: File `src/subdir.mk' has modification time 0.17 s in the future
Invoking: MicroBlaze Print Size
mb-size app.elf  |tee "app.elf.size"
   text	   data	    bss	    dec	    hex	filename
   5992	    288	   3152	   9432	   24d8	app.elf
Finished building: app.elf.size
 
make: warning:  Clock skew detected.  Your build may be incomplete.
09:54:04 **** Auto Build of configuration Debug for project app ****
make all 
Building file: ../src/helloworld.c
Invoking: MicroBlaze gcc compiler
mb-gcc -Wall -O0 -g3 -c -fmessage-length=0 -MT"src/helloworld.o" -I../../app_bsp/microblaze_0/include -mlittle-endian -mcpu=v9.6 -mxl-soft-mul -Wl,--no-relax -MMD -MP -MF"src/helloworld.d" -MT"src/helloworld.o" -o "src/helloworld.o" "../src/helloworld.c"
Finished building: ../src/helloworld.c
 
Building target: app.elf
Invoking: MicroBlaze gcc linker
mb-gcc -Wl,-T -Wl,../src/lscript.ld -L../../app_bsp/microblaze_0/lib -mlittle-endian -mcpu=v9.6 -mxl-soft-mul -Wl,--no-relax -o "app.elf"  ./src/helloworld.o ./src/platform.o   -Wl,--start-group,-lxil,-lgcc,-lc,--end-group
Finished building target: app.elf
 
Invoking: MicroBlaze Print Size
mb-size app.elf  |tee "app.elf.size"
   text	   data	    bss	    dec	    hex	filename
   6072	    288	   3152	   9512	   2528	app.elf
Finished building: app.elf.size
 
09:54:06 **** Incremental Build of configuration Debug for project app ****
make all 
Invoking: MicroBlaze Print Size
mb-size app.elf  |tee "app.elf.size"
   text	   data	    bss	    dec	    hex	filename
   6072	    288	   3152	   9512	   2528	app.elf
Finished building: app.elf.size
 
09:54:24 **** Auto Build of configuration Debug for project app ****
make all 
make: Warning: File `src/subdir.mk' has modification time 0.25 s in the future
Building file: ../src/helloworld.c
Invoking: MicroBlaze gcc compiler
mb-gcc -Wall -O0 -g3 -c -fmessage-length=0 -MT"src/helloworld.o" -I../../app_bsp/microblaze_0/include -mlittle-endian -mcpu=v9.6 -mxl-soft-mul -Wl,--no-relax -MMD -MP -MF"src/helloworld.d" -MT"src/helloworld.o" -o "src/helloworld.o" "../src/helloworld.c"
Finished building: ../src/helloworld.c
 
Building target: app.elf
Invoking: MicroBlaze gcc linker
mb-gcc -Wl,-T -Wl,../src/lscript.ld -L../../app_bsp/microblaze_0/lib -mlittle-endian -mcpu=v9.6 -mxl-soft-mul -Wl,--no-relax -o "app.elf"  ./src/helloworld.o ./src/platform.o   -Wl,--start-group,-lxil,-lgcc,-lc,--end-group
Finished building target: app.elf
 
Invoking: MicroBlaze Print Size
mb-size app.elf  |tee "app.elf.size"
   text	   data	    bss	    dec	    hex	filename
   6072	    288	   3152	   9512	   2528	app.elf
Finished building: app.elf.size
 
make: warning:  Clock skew detected.  Your build may be incomplete.
09:54:27 **** Incremental Build of configuration Debug for project app ****
make all 
Building target: app.elf
Invoking: MicroBlaze gcc linker
mb-gcc -Wl,-T -Wl,../src/lscript.ld -L../../app_bsp/microblaze_0/lib -mlittle-endian -mcpu=v9.6 -mxl-soft-mul -Wl,--no-relax -o "app.elf"  ./src/helloworld.o ./src/platform.o   -Wl,--start-group,-lxil,-lgcc,-lc,--end-group
Finished building target: app.elf
 
Invoking: MicroBlaze Print Size
mb-size app.elf  |tee "app.elf.size"
   text	   data	    bss	    dec	    hex	filename
   6072	    288	   3152	   9512	   2528	app.elf
Finished building: app.elf.size
 
09:54:56 **** Auto Build of configuration Debug for project app ****
make all 
Building file: ../src/helloworld.c
Invoking: MicroBlaze gcc compiler
mb-gcc -Wall -O0 -g3 -c -fmessage-length=0 -MT"src/helloworld.o" -I../../app_bsp/microblaze_0/include -mlittle-endian -mcpu=v9.6 -mxl-soft-mul -Wl,--no-relax -MMD -MP -MF"src/helloworld.d" -MT"src/helloworld.o" -o "src/helloworld.o" "../src/helloworld.c"
Finished building: ../src/helloworld.c
 
Building target: app.elf
Invoking: MicroBlaze gcc linker
mb-gcc -Wl,-T -Wl,../src/lscript.ld -L../../app_bsp/microblaze_0/lib -mlittle-endian -mcpu=v9.6 -mxl-soft-mul -Wl,--no-relax -o "app.elf"  ./src/helloworld.o ./src/platform.o   -Wl,--start-group,-lxil,-lgcc,-lc,--end-group
Finished building target: app.elf
 
Invoking: MicroBlaze Print Size
mb-size app.elf  |tee "app.elf.size"
   text	   data	    bss	    dec	    hex	filename
   6072	    288	   3152	   9512	   2528	app.elf
Finished building: app.elf.size
 
09:54:58 **** Incremental Build of configuration Debug for project app ****
make all 
Invoking: MicroBlaze Print Size
mb-size app.elf  |tee "app.elf.size"
   text	   data	    bss	    dec	    hex	filename
   6072	    288	   3152	   9512	   2528	app.elf
Finished building: app.elf.size
 
10:20:52 **** Auto Build of configuration Debug for project app ****
make all 
Building file: ../src/helloworld.c
Invoking: MicroBlaze gcc compiler
mb-gcc -Wall -O0 -g3 -c -fmessage-length=0 -MT"src/helloworld.o" -I../../app_bsp/microblaze_0/include -mlittle-endian -mcpu=v9.6 -mxl-soft-mul -Wl,--no-relax -MMD -MP -MF"src/helloworld.d" -MT"src/helloworld.o" -o "src/helloworld.o" "../src/helloworld.c"
Finished building: ../src/helloworld.c
 
Building target: app.elf
Invoking: MicroBlaze gcc linker
mb-gcc -Wl,-T -Wl,../src/lscript.ld -L../../app_bsp/microblaze_0/lib -mlittle-endian -mcpu=v9.6 -mxl-soft-mul -Wl,--no-relax -o "app.elf"  ./src/helloworld.o ./src/platform.o   -Wl,--start-group,-lxil,-lgcc,-lc,--end-group
Finished building target: app.elf
 
Invoking: MicroBlaze Print Size
mb-size app.elf  |tee "app.elf.size"
   text	   data	    bss	    dec	    hex	filename
   6208	    288	   3152	   9648	   25b0	app.elf
Finished building: app.elf.size
 
10:26:22 **** Auto Build of configuration Debug for project app ****
make all 
make: Warning: File `src/subdir.mk' has modification time 0.0072 s in the future
Building file: ../src/helloworld.c
Invoking: MicroBlaze gcc compiler
mb-gcc -Wall -O0 -g3 -c -fmessage-length=0 -MT"src/helloworld.o" -I../../app_bsp/microblaze_0/include -mlittle-endian -mcpu=v9.6 -mxl-soft-mul -Wl,--no-relax -MMD -MP -MF"src/helloworld.d" -MT"src/helloworld.o" -o "src/helloworld.o" "../src/helloworld.c"
Finished building: ../src/helloworld.c
 
Building target: app.elf
Invoking: MicroBlaze gcc linker
mb-gcc -Wl,-T -Wl,../src/lscript.ld -L../../app_bsp/microblaze_0/lib -mlittle-endian -mcpu=v9.6 -mxl-soft-mul -Wl,--no-relax -o "app.elf"  ./src/helloworld.o ./src/platform.o   -Wl,--start-group,-lxil,-lgcc,-lc,--end-group
Finished building target: app.elf
 
Invoking: MicroBlaze Print Size
mb-size app.elf  |tee "app.elf.size"
   text	   data	    bss	    dec	    hex	filename
   6352	    288	   3152	   9792	   2640	app.elf
Finished building: app.elf.size
 
make: warning:  Clock skew detected.  Your build may be incomplete.
10:26:24 **** Incremental Build of configuration Debug for project app ****
make all 
make: Warning: File `src/subdir.mk' has modification time 0.057 s in the future
Invoking: MicroBlaze Print Size
mb-size app.elf  |tee "app.elf.size"
   text	   data	    bss	    dec	    hex	filename
   6352	    288	   3152	   9792	   2640	app.elf
Finished building: app.elf.size
 
make: warning:  Clock skew detected.  Your build may be incomplete.
10:26:44 **** Auto Build of configuration Debug for project app ****
make all 
Building file: ../src/helloworld.c
Invoking: MicroBlaze gcc compiler
mb-gcc -Wall -O0 -g3 -c -fmessage-length=0 -MT"src/helloworld.o" -I../../app_bsp/microblaze_0/include -mlittle-endian -mcpu=v9.6 -mxl-soft-mul -Wl,--no-relax -MMD -MP -MF"src/helloworld.d" -MT"src/helloworld.o" -o "src/helloworld.o" "../src/helloworld.c"
Finished building: ../src/helloworld.c
 
Building target: app.elf
Invoking: MicroBlaze gcc linker
mb-gcc -Wl,-T -Wl,../src/lscript.ld -L../../app_bsp/microblaze_0/lib -mlittle-endian -mcpu=v9.6 -mxl-soft-mul -Wl,--no-relax -o "app.elf"  ./src/helloworld.o ./src/platform.o   -Wl,--start-group,-lxil,-lgcc,-lc,--end-group
Finished building target: app.elf
 
Invoking: MicroBlaze Print Size
mb-size app.elf  |tee "app.elf.size"
   text	   data	    bss	    dec	    hex	filename
   6208	    288	   3152	   9648	   25b0	app.elf
Finished building: app.elf.size
 
10:26:45 **** Incremental Build of configuration Debug for project app ****
make all 
make: Warning: File `src/subdir.mk' has modification time 0.25 s in the future
Invoking: MicroBlaze Print Size
mb-size app.elf  |tee "app.elf.size"
   text	   data	    bss	    dec	    hex	filename
   6208	    288	   3152	   9648	   25b0	app.elf
Finished building: app.elf.size
 
make: warning:  Clock skew detected.  Your build may be incomplete.
10:27:01 **** Auto Build of configuration Debug for project app ****
make all 
make: Warning: File `src/subdir.mk' has modification time 0.17 s in the future
Building file: ../src/helloworld.c
Invoking: MicroBlaze gcc compiler
mb-gcc -Wall -O0 -g3 -c -fmessage-length=0 -MT"src/helloworld.o" -I../../app_bsp/microblaze_0/include -mlittle-endian -mcpu=v9.6 -mxl-soft-mul -Wl,--no-relax -MMD -MP -MF"src/helloworld.d" -MT"src/helloworld.o" -o "src/helloworld.o" "../src/helloworld.c"
Finished building: ../src/helloworld.c
 
Building target: app.elf
Invoking: MicroBlaze gcc linker
mb-gcc -Wl,-T -Wl,../src/lscript.ld -L../../app_bsp/microblaze_0/lib -mlittle-endian -mcpu=v9.6 -mxl-soft-mul -Wl,--no-relax -o "app.elf"  ./src/helloworld.o ./src/platform.o   -Wl,--start-group,-lxil,-lgcc,-lc,--end-group
Finished building target: app.elf
 
Invoking: MicroBlaze Print Size
mb-size app.elf  |tee "app.elf.size"
   text	   data	    bss	    dec	    hex	filename
   5992	    288	   3152	   9432	   24d8	app.elf
Finished building: app.elf.size
 
make: warning:  Clock skew detected.  Your build may be incomplete.
10:27:02 **** Incremental Build of configuration Debug for project app ****
make all 
make: Warning: File `src/subdir.mk' has modification time 0.076 s in the future
Invoking: MicroBlaze Print Size
mb-size app.elf  |tee "app.elf.size"
   text	   data	    bss	    dec	    hex	filename
   5992	    288	   3152	   9432	   24d8	app.elf
Finished building: app.elf.size
 
make: warning:  Clock skew detected.  Your build may be incomplete.
10:27:32 **** Auto Build of configuration Debug for project app ****
make all 
make: Warning: File `src/subdir.mk' has modification time 0.29 s in the future
Building file: ../src/helloworld.c
Invoking: MicroBlaze gcc compiler
mb-gcc -Wall -O0 -g3 -c -fmessage-length=0 -MT"src/helloworld.o" -I../../app_bsp/microblaze_0/include -mlittle-endian -mcpu=v9.6 -mxl-soft-mul -Wl,--no-relax -MMD -MP -MF"src/helloworld.d" -MT"src/helloworld.o" -o "src/helloworld.o" "../src/helloworld.c"
Finished building: ../src/helloworld.c
 
Building target: app.elf
Invoking: MicroBlaze gcc linker
mb-gcc -Wl,-T -Wl,../src/lscript.ld -L../../app_bsp/microblaze_0/lib -mlittle-endian -mcpu=v9.6 -mxl-soft-mul -Wl,--no-relax -o "app.elf"  ./src/helloworld.o ./src/platform.o   -Wl,--start-group,-lxil,-lgcc,-lc,--end-group
Finished building target: app.elf
 
Invoking: MicroBlaze Print Size
mb-size app.elf  |tee "app.elf.size"
   text	   data	    bss	    dec	    hex	filename
   6020	    288	   3156	   9464	   24f8	app.elf
Finished building: app.elf.size
 
make: warning:  Clock skew detected.  Your build may be incomplete.
10:27:34 **** Incremental Build of configuration Debug for project app ****
make all 
Invoking: MicroBlaze Print Size
mb-size app.elf  |tee "app.elf.size"
   text	   data	    bss	    dec	    hex	filename
   6020	    288	   3156	   9464	   24f8	app.elf
Finished building: app.elf.size
 
10:28:16 **** Incremental Build of configuration Debug for project app ****
make all 
make: Nothing to be done for `all'.
10:29:10 **** Incremental Build of configuration Debug for project app ****
make all 
make: Nothing to be done for `all'.
10:30:19 **** Incremental Build of configuration Debug for project app ****
make all 
make: Nothing to be done for `all'.
