08:09:21 INFO  : Launching XSDB server: xsdb -n -interactive /media/psf/Home/Development/ect_ua/cr-final-project/Projectos/project_1/project_1.sdk/temp_xsdb_launch_script.tcl
08:09:23 INFO  : XSDB server has started successfully.
08:09:23 INFO  : Processing command line option -hwspec /media/psf/Home/Development/ect_ua/cr-final-project/Projectos/project_1/project_1.sdk/MP3_Design_wrapper.hdf.
08:13:58 INFO  : Connected to target on host '127.0.0.1' and port '3121'.
08:13:58 INFO  : 'targets -set -filter {jtag_cable_name =~ "Digilent Nexys4 210274504848A" && level==0} -index 0' command is executed.
08:14:03 INFO  : FPGA configured successfully with bitstream "/media/psf/Home/Development/ect_ua/cr-final-project/Projectos/project_1/project_1.sdk/MP3_Design_wrapper_hw_platform_0/download.bit"
08:14:24 INFO  : Processor reset is completed for microblaze_0
08:15:59 INFO  : Processor reset is completed for microblaze_0
08:16:40 INFO  : Processor reset is completed for microblaze_0
08:17:33 INFO  : Time out for XMD transaction is 60000
If you want to increase the timeout value, goto Windows-> Preferences -> Xilinx SDK -> XMD Startup
08:17:33 ERROR : Timeout occured while waiting to get reply for command "xdisconnect 0"
08:17:33 ERROR : Disconnect target failed.
08:41:48 INFO  : Processor reset is completed for microblaze_0
08:42:16 INFO  : Time out for XMD transaction is 60000
If you want to increase the timeout value, goto Windows-> Preferences -> Xilinx SDK -> XMD Startup
08:42:16 ERROR : Timeout occured while waiting to get reply for command "xdisconnect 0"
08:42:16 ERROR : Disconnect target failed.
08:50:50 INFO  : microblaze_0 Processor is in use. Please stop existing Run or Debug sessions before launching.
08:50:55 ERROR : Unexpected error while launching program.
java.lang.NullPointerException
	at com.xilinx.sdk.targetmanager.internal.TM.terminateCurrentLaunch(TM.java:819)
	at com.xilinx.sdk.debug.core.XilinxAppLaunchConfigurationDelegate.runApplication(XilinxAppLaunchConfigurationDelegate.java:596)
	at com.xilinx.sdk.debug.core.XilinxAppLaunchConfigurationDelegate.launch(XilinxAppLaunchConfigurationDelegate.java:309)
	at com.xilinx.sdk.debug.ui.XilinxAppLaunchDelegateWrapper.launch(XilinxAppLaunchDelegateWrapper.java:31)
	at org.eclipse.debug.internal.core.LaunchConfiguration.launch(LaunchConfiguration.java:885)
	at org.eclipse.debug.internal.core.LaunchConfiguration.launch(LaunchConfiguration.java:739)
	at org.eclipse.debug.internal.ui.DebugUIPlugin.buildAndLaunch(DebugUIPlugin.java:1039)
	at org.eclipse.debug.internal.ui.DebugUIPlugin$8.run(DebugUIPlugin.java:1256)
	at org.eclipse.core.internal.jobs.Worker.run(Worker.java:55)
08:51:00 INFO  : Processor reset is completed for microblaze_0
08:52:38 INFO  : Connected to target on host '127.0.0.1' and port '3121'.
08:52:39 INFO  : 'targets -set -filter {jtag_cable_name =~ "Digilent Nexys4 210274504848A" && level==0} -index 0' command is executed.
08:52:42 INFO  : FPGA configured successfully with bitstream "/media/psf/Home/Development/ect_ua/cr-final-project/Projectos/project_1/project_1.sdk/MP3_Design_wrapper_hw_platform_0/download.bit"
08:53:01 INFO  : Processor reset is completed for microblaze_0
08:53:01 ERROR : Unexpected error while launching program.
java.lang.RuntimeException: Cannot perform the Debug Command, Current Processor State is "Running"

	at com.xilinx.sdk.targetmanager.internal.TM.downloadELF(TM.java:686)
	at com.xilinx.sdk.debug.core.internal.AppRunner.run(AppRunner.java:129)
	at com.xilinx.sdk.debug.core.XilinxAppLaunchConfigurationDelegate.runApplication(XilinxAppLaunchConfigurationDelegate.java:637)
	at com.xilinx.sdk.debug.core.XilinxAppLaunchConfigurationDelegate.launch(XilinxAppLaunchConfigurationDelegate.java:309)
	at com.xilinx.sdk.debug.ui.XilinxAppLaunchDelegateWrapper.launch(XilinxAppLaunchDelegateWrapper.java:31)
	at org.eclipse.debug.internal.core.LaunchConfiguration.launch(LaunchConfiguration.java:885)
	at org.eclipse.debug.internal.core.LaunchConfiguration.launch(LaunchConfiguration.java:739)
	at org.eclipse.debug.internal.ui.DebugUIPlugin.buildAndLaunch(DebugUIPlugin.java:1039)
	at org.eclipse.debug.internal.ui.DebugUIPlugin$8.run(DebugUIPlugin.java:1256)
	at org.eclipse.core.internal.jobs.Worker.run(Worker.java:55)
08:53:18 ERROR : Unexpected error while parsing XMD response ￿: com.google.gson.JsonSyntaxException: com.google.gson.stream.MalformedJsonException: invalid number or unquoted string near 
08:53:46 INFO  : Launching XSDB server: xsdb -n -interactive /media/psf/Home/Development/ect_ua/cr-final-project/Projectos/project_1/project_1.sdk/temp_xsdb_launch_script.tcl
08:53:48 INFO  : XSDB server has started successfully.
08:53:48 INFO  : Processing command line option -hwspec /media/psf/Home/Development/ect_ua/cr-final-project/Projectos/project_1/project_1.sdk/MP3_Design_wrapper.hdf.
08:53:52 INFO  : Checking for hwspec changes in the project MP3_Design_wrapper_hw_platform_0.
08:54:47 INFO  : Connected to target on host '127.0.0.1' and port '3121'.
08:54:48 INFO  : 'targets -set -filter {jtag_cable_name =~ "Digilent Nexys4 210274504848A" && level==0} -index 0' command is executed.
08:54:50 INFO  : FPGA configured successfully with bitstream "/media/psf/Home/Development/ect_ua/cr-final-project/Projectos/project_1/project_1.sdk/MP3_Design_wrapper_hw_platform_0/download.bit"
08:55:22 INFO  : Processor reset is completed for microblaze_0
08:57:02 INFO  : Time out for XMD transaction is 60000
If you want to increase the timeout value, goto Windows-> Preferences -> Xilinx SDK -> XMD Startup
08:57:02 ERROR : Timeout occured while waiting to get reply for command "xdisconnect 0"
08:57:02 ERROR : Disconnect target failed.
08:57:19 ERROR : Unexpected error while parsing XMD response ￿: com.google.gson.JsonSyntaxException: com.google.gson.stream.MalformedJsonException: invalid number or unquoted string near 
