#-----------------------------------------------------------
# Webtalk v2016.1 (64-bit)
# SW Build 1538259 on Fri Apr  8 15:45:23 MDT 2016
# 
# Start of session at: Wed May 25 13:30:09 2016
# Process ID: 24303
# Current directory: /media/psf/Home/Development/ect_ua/cr-final-project/Projectos/project_1/project_1.sdk/webtalk
# Command line: wbtcv -mode batch -source sdk_webtalk.tcl
# Log file: /media/psf/Home/Development/ect_ua/cr-final-project/Projectos/project_1/project_1.sdk/webtalk/webtalk.log
# Journal file: /media/psf/Home/Development/ect_ua/cr-final-project/Projectos/project_1/project_1.sdk/webtalk/webtalk.jou
#-----------------------------------------------------------
source sdk_webtalk.tcl
# webtalk_init -webtalk_dir /media/psf/Home/Development/ect_ua/cr-final-project/Projectos/project_1/project_1.sdk/webtalk
# webtalk_register_client -client project
# webtalk_add_data -client project -key date_generated -value "Wed May 25 05:30:09 2016" -context "software_version_and_target_device"
# webtalk_add_data -client project -key product_version -value "SDK v2016.1" -context "software_version_and_target_device"
# webtalk_add_data -client project -key build_version -value "2016.1" -context "software_version_and_target_device"
# webtalk_add_data -client project -key os_platform -value "amd64" -context "software_version_and_target_device"
# webtalk_add_data -client project -key registration_id -value "" -context "software_version_and_target_device"
# webtalk_add_data -client project -key tool_flow -value "SDK" -context "software_version_and_target_device"
# webtalk_add_data -client project -key beta -value "false" -context "software_version_and_target_device"
# webtalk_add_data -client project -key route_design -value "NA" -context "software_version_and_target_device"
# webtalk_add_data -client project -key target_family -value "NA" -context "software_version_and_target_device"
# webtalk_add_data -client project -key target_device -value "NA" -context "software_version_and_target_device"
# webtalk_add_data -client project -key target_package -value "NA" -context "software_version_and_target_device"
# webtalk_add_data -client project -key target_speed -value "NA" -context "software_version_and_target_device"
# webtalk_add_data -client project -key random_id -value "jg24j33i0edcmbaff5gu5is10l" -context "software_version_and_target_device"
# webtalk_add_data -client project -key project_id -value "2016.1_12" -context "software_version_and_target_device"
# webtalk_add_data -client project -key project_iteration -value "12" -context "software_version_and_target_device"
# webtalk_add_data -client project -key os_name -value "" -context "user_environment"
# webtalk_add_data -client project -key os_release -value "" -context "user_environment"
# webtalk_add_data -client project -key cpu_name -value "" -context "user_environment"
# webtalk_add_data -client project -key cpu_speed -value "" -context "user_environment"
# webtalk_add_data -client project -key total_processors -value "" -context "user_environment"
# webtalk_add_data -client project -key system_ram -value "" -context "user_environment"
# webtalk_register_client -client sdk
# webtalk_add_data -client sdk -key uid -value "1464164037000" -context "sdk\\\\hardware/1464164037000"
# webtalk_add_data -client sdk -key isZynq -value "false" -context "sdk\\\\hardware/1464164037000"
# webtalk_add_data -client sdk -key Processors -value "1" -context "sdk\\\\hardware/1464164037000"
# webtalk_add_data -client sdk -key VivadoVersion -value "2016.1" -context "sdk\\\\hardware/1464164037000"
# webtalk_add_data -client sdk -key Arch -value "artix7" -context "sdk\\\\hardware/1464164037000"
# webtalk_add_data -client sdk -key Device -value "7a100t" -context "sdk\\\\hardware/1464164037000"
# webtalk_add_data -client sdk -key IsHandoff -value "true" -context "sdk\\\\hardware/1464164037000"
# webtalk_transmit -clientid 3917880798 -regid "" -xml /media/psf/Home/Development/ect_ua/cr-final-project/Projectos/project_1/project_1.sdk/webtalk/usage_statistics_ext_sdk.xml -html /media/psf/Home/Development/ect_ua/cr-final-project/Projectos/project_1/project_1.sdk/webtalk/usage_statistics_ext_sdk.html -wdm /media/psf/Home/Development/ect_ua/cr-final-project/Projectos/project_1/project_1.sdk/webtalk/sdk_webtalk.wdm -intro "<H3>SDK Usage Report</H3><BR>"
# webtalk_terminate
INFO: [Common 17-206] Exiting Webtalk at Wed May 25 13:30:10 2016...
