#-----------------------------------------------------------
# Webtalk v2014.4 (64-bit)
# SW Build 1071353 on Tue Nov 18 17:18:21 MST 2014
# 
# Start of session at: Sat Apr 25 17:45:25 2015
# Process ID: 300
# Log file: I:/SDR_P/9/MB_aula_teorica_displays_and_buttons/MB_aula_teorica_displays_and_buttons.sdk/webtalk/webtalk.log
# Journal file: I:/SDR_P/9/MB_aula_teorica_displays_and_buttons/MB_aula_teorica_displays_and_buttons.sdk/webtalk\webtalk.jou
#-----------------------------------------------------------
WARNING: [Common 17-204] Your XILINX environment variable is undefined. You will not be able to run Synthesis and Implementation using ISE based strategies, or import ngc netlists. Please set up your XILINX environment to get full functionality.
source sdk_webtalk.tcl
# webtalk_init -webtalk_dir I:\\SDR_P\\9\\MB_aula_teorica_displays_and_buttons\\MB_aula_teorica_displays_and_buttons.sdk\\webtalk
# webtalk_register_client -client project
# webtalk_add_data -client project -key date_generated -value "Sat Apr 25 17:45:24 2015" -context "software_version_and_target_device"
# webtalk_add_data -client project -key product_version -value "SDK v2014.4" -context "software_version_and_target_device"
# webtalk_add_data -client project -key build_version -value "2014.4" -context "software_version_and_target_device"
# webtalk_add_data -client project -key os_platform -value "amd64" -context "software_version_and_target_device"
# webtalk_add_data -client project -key registration_id -value "174914471_178259212_210592973_360" -context "software_version_and_target_device"
# webtalk_add_data -client project -key tool_flow -value "SDK" -context "software_version_and_target_device"
# webtalk_add_data -client project -key beta -value "false" -context "software_version_and_target_device"
# webtalk_add_data -client project -key route_design -value "NA" -context "software_version_and_target_device"
# webtalk_add_data -client project -key target_family -value "NA" -context "software_version_and_target_device"
# webtalk_add_data -client project -key target_device -value "NA" -context "software_version_and_target_device"
# webtalk_add_data -client project -key target_package -value "NA" -context "software_version_and_target_device"
# webtalk_add_data -client project -key target_speed -value "NA" -context "software_version_and_target_device"
# webtalk_add_data -client project -key random_id -value "hd479igeqfnvkh355bb0kiqbmp" -context "software_version_and_target_device"
# webtalk_add_data -client project -key project_id -value "2014.4_14" -context "software_version_and_target_device"
# webtalk_add_data -client project -key project_iteration -value "14" -context "software_version_and_target_device"
# webtalk_add_data -client project -key os_name -value "Microsoft Windows 7 , 64-bit" -context "user_environment"
# webtalk_add_data -client project -key os_release -value "Service Pack 1  (build 7601)" -context "user_environment"
# webtalk_add_data -client project -key cpu_name -value "Intel(R) Core(TM) i7-4770 CPU @ 3.40GHz" -context "user_environment"
# webtalk_add_data -client project -key cpu_speed -value "3399 MHz" -context "user_environment"
# webtalk_add_data -client project -key total_processors -value "1" -context "user_environment"
# webtalk_add_data -client project -key system_ram -value "8.000 GB" -context "user_environment"
# webtalk_register_client -client sdk
# webtalk_add_data -client sdk -key uid -value "1429977188735" -context "sdk\\\\bsp/1429977188735"
# webtalk_add_data -client sdk -key hwid -value "1429974432341" -context "sdk\\\\bsp/1429977188735"
# webtalk_add_data -client sdk -key os -value "standalone" -context "sdk\\\\bsp/1429977188735"
# webtalk_add_data -client sdk -key apptemplate -value "hello_world" -context "sdk\\\\bsp/1429977188735"
# webtalk_add_data -client sdk -key uid -value "1429977190107" -context "sdk\\\\application/1429977190107"
# webtalk_add_data -client sdk -key hwid -value "1429974432341" -context "sdk\\\\application/1429977190107"
# webtalk_add_data -client sdk -key bspid -value "1429977188735" -context "sdk\\\\application/1429977190107"
# webtalk_add_data -client sdk -key newbsp -value "true" -context "sdk\\\\application/1429977190107"
# webtalk_add_data -client sdk -key os -value "standalone" -context "sdk\\\\application/1429977190107"
# webtalk_add_data -client sdk -key apptemplate -value "hello_world" -context "sdk\\\\application/1429977190107"
# webtalk_transmit -clientid 2475749770 -regid "174914471_178259212_210592973_360" -xml I:\\SDR_P\\9\\MB_aula_teorica_displays_and_buttons\\MB_aula_teorica_displays_and_buttons.sdk\\webtalk\\usage_statistics_ext_sdk.xml -html I:\\SDR_P\\9\\MB_aula_teorica_displays_and_buttons\\MB_aula_teorica_displays_and_buttons.sdk\\webtalk\\usage_statistics_ext_sdk.html -wdm I:\\SDR_P\\9\\MB_aula_teorica_displays_and_buttons\\MB_aula_teorica_displays_and_buttons.sdk\\webtalk\\sdk_webtalk.wdm -intro "<H3>SDK Usage Report</H3><BR>"

    while executing
"webtalk_transmit -clientid 2475749770 -regid "174914471_178259212_210592973_360" -xml I:\\SDR_P\\9\\MB_aula_teorica_displays_and_buttons\\MB_aula_teor..."
    (file "sdk_webtalk.tcl" line 35)
INFO: [Common 17-206] Exiting Webtalk at Sat Apr 25 17:45:27 2015...
