#-----------------------------------------------------------
# Vivado v2016.1 (64-bit)
# SW Build 1538259 on Fri Apr  8 15:45:23 MDT 2016
# IP Build 1537824 on Fri Apr  8 04:28:57 MDT 2016
# Start of session at: Wed May 25 16:04:39 2016
# Process ID: 16626
# Current directory: /media/psf/Home/Development/ect_ua/cr-final-project/Projectos/project_1
# Command line: vivado
# Log file: /media/psf/Home/Development/ect_ua/cr-final-project/Projectos/project_1/vivado.log
# Journal file: /media/psf/Home/Development/ect_ua/cr-final-project/Projectos/project_1/vivado.jou
#-----------------------------------------------------------
start_gui
open_project /media/psf/Home/Development/ect_ua/cr-final-project/Projectos/project_1/project_1.xpr
Scanning sources...
Finished scanning sources
INFO: [IP_Flow 19-234] Refreshing IP repositories
INFO: [IP_Flow 19-1700] Loaded user IP repository '/media/psf/Home/Development/ect_ua/cr-final-project/Repository'.
INFO: [IP_Flow 19-2313] Loaded Vivado IP repository '/opt/Xilinx/Vivado/2016.1/data/ip'.
WARNING: [BD 41-1661] One or more IPs have been locked in the design 'MP3_Design.bd'. Please run report_ip_status for more details and recommendations on how to fix this issue.
List of locked IPs:
MP3_Design_ramANDrom_wrapper_0_0

open_project: Time (s): cpu = 00:00:32 ; elapsed = 00:00:15 . Memory (MB): peak = 5897.656 ; gain = 179.250 ; free physical = 5205 ; free virtual = 7723
update_compile_order -fileset sources_1
file mkdir /media/psf/Home/Development/ect_ua/cr-final-project/Projectos/project_1/project_1.sdk
file copy -force /media/psf/Home/Development/ect_ua/cr-final-project/Projectos/project_1/project_1.runs/impl_1/MP3_Design_wrapper.sysdef /media/psf/Home/Development/ect_ua/cr-final-project/Projectos/project_1/project_1.sdk/MP3_Design_wrapper.hdf

reset_run impl_1 -prev_step 
launch_runs impl_1 -to_step write_bitstream -jobs 2
[Wed May 25 16:07:36 2016] Launched impl_1...
Run output will be captured here: /media/psf/Home/Development/ect_ua/cr-final-project/Projectos/project_1/project_1.runs/impl_1/runme.log
file copy -force /media/psf/Home/Development/ect_ua/cr-final-project/Projectos/project_1/project_1.runs/impl_1/MP3_Design_wrapper.sysdef /media/psf/Home/Development/ect_ua/cr-final-project/Projectos/project_1/project_1.sdk/MP3_Design_wrapper.hdf

launch_sdk -workspace /media/psf/Home/Development/ect_ua/cr-final-project/Projectos/project_1/project_1.sdk -hwspec /media/psf/Home/Development/ect_ua/cr-final-project/Projectos/project_1/project_1.sdk/MP3_Design_wrapper.hdf
INFO: [Vivado 12-393] Launching SDK...
INFO: [Vivado 12-417] Running xsdk -workspace /media/psf/Home/Development/ect_ua/cr-final-project/Projectos/project_1/project_1.sdk -hwspec /media/psf/Home/Development/ect_ua/cr-final-project/Projectos/project_1/project_1.sdk/MP3_Design_wrapper.hdf
INFO: [Vivado 12-3157] SDK launch initiated. Please check console for any further messages.
launch_sdk -workspace /media/psf/Home/Development/ect_ua/cr-final-project/Projectos/project_1/project_1.sdk -hwspec /media/psf/Home/Development/ect_ua/cr-final-project/Projectos/project_1/project_1.sdk/MP3_Design_wrapper.hdf
INFO: [Vivado 12-393] Launching SDK...
INFO: [Vivado 12-417] Running xsdk -workspace /media/psf/Home/Development/ect_ua/cr-final-project/Projectos/project_1/project_1.sdk -hwspec /media/psf/Home/Development/ect_ua/cr-final-project/Projectos/project_1/project_1.sdk/MP3_Design_wrapper.hdf
INFO: [Vivado 12-3157] SDK launch initiated. Please check console for any further messages.
exit
INFO: [Common 17-206] Exiting Vivado at Wed May 25 16:57:24 2016...
